epoch,accuracy,auc,loss,lr,precision,recall,val_accuracy,val_auc,val_loss,val_precision,val_recall
0,0.5464725494384766,0.5614573359489441,0.6986379027366638,0.001,0.564051628112793,0.4226190447807312,0.5503355860710144,0.5755288004875183,0.6905057430267334,0.9743589758872986,0.08656036108732224
1,0.5694910883903503,0.5732499361038208,0.6718910932540894,0.001,0.6415841579437256,0.3214285671710968,0.6208053827285767,0.6601992845535278,0.6424919366836548,0.837837815284729,0.28246012330055237
2,0.5698643922805786,0.580610454082489,0.668948769569397,0.001,0.6645678281784058,0.2879464328289032,0.6208053827285767,0.6223735809326172,0.6486108899116516,0.837837815284729,0.28246012330055237
3,0.5665048956871033,0.5866534113883972,0.6686704754829407,0.001,0.6279178261756897,0.3335813581943512,0.5682326555252075,0.626724123954773,0.740679144859314,0.9649122953414917,0.12528473138809204
4,0.5727261304855347,0.5997546315193176,0.6681605577468872,0.001,0.6419752836227417,0.335317462682724,0.6073825359344482,0.6682994961738586,0.6560074090957642,0.6208791136741638,0.5148063898086548
5,0.5852929949760437,0.6071492433547974,0.6559175252914429,0.000100000005,0.6769620180130005,0.3315972089767456,0.6286353468894958,0.7126662135124207,0.6287058591842651,0.8451613187789917,0.2984054684638977
6,0.5966156721115112,0.6303701996803284,0.6468198299407959,0.000100000005,0.7348394989967346,0.306547611951828,0.6308724880218506,0.7269243001937866,0.6174502968788147,0.8471337556838989,0.3029612898826599
7,0.5938783288002014,0.6349602937698364,0.6481542587280273,0.000100000005,0.6871345043182373,0.349702388048172,0.6319910287857056,0.7329570055007935,0.6124823093414307,0.8525640964508057,0.3029612898826599
8,0.6155281662940979,0.662325382232666,0.6365116238594055,0.000100000005,0.6792237162590027,0.4427083432674408,0.645413875579834,0.7520039081573486,0.607457160949707,0.6023489832878113,0.8177676796913147
9,0.6380490064620972,0.6886581182479858,0.6230354309082031,0.000100000005,0.6742165684700012,0.5389384627342224,0.6677852272987366,0.7516058087348938,0.5926379561424255,0.8169642686843872,0.4168564975261688
10,0.65049147605896,0.7083981037139893,0.6118249297142029,0.000100000005,0.6802240014076233,0.5724206566810608,0.6778523325920105,0.7602217793464661,0.571294367313385,0.7227138876914978,0.5580865740776062
11,0.6615652441978455,0.7240501046180725,0.6035812497138977,0.000100000005,0.6880733966827393,0.5952380895614624,0.6901565790176392,0.7640441656112671,0.5652511715888977,0.7024999856948853,0.6400911211967468
12,0.6643025875091553,0.7322582602500916,0.5952025651931763,0.000100000005,0.6900284886360168,0.6006944179534912,0.6979866027832031,0.7601717710494995,0.5672221779823303,0.7253333330154419,0.6195899844169617
13,0.6694040298461914,0.736975908279419,0.5903767347335815,0.000100000005,0.6948143839836121,0.608134925365448,0.7035794258117676,0.774269700050354,0.5536394715309143,0.720812201499939,0.6469248533248901
14,0.6865745782852173,0.7557788491249084,0.5767287015914917,0.000100000005,0.7143666744232178,0.6252480149269104,0.6879194378852844,0.7848731875419617,0.5617607235908508,0.7877697944641113,0.49886104464530945
15,0.6906806230545044,0.7642050981521606,0.5690865516662598,0.000100000005,0.7165266275405884,0.63442462682724,0.7158836722373962,0.7935642600059509,0.5369344353675842,0.7097505927085876,0.712984025478363
16,0.6945377588272095,0.7663103342056274,0.5668255090713501,0.000100000005,0.7169188261032104,0.6463293433189392,0.7114093899726868,0.7978622317314148,0.5311297178268433,0.7452574372291565,0.626423716545105
17,0.7105885148048401,0.7841922640800476,0.5492236614227295,0.000100000005,0.7352454662322998,0.661210298538208,0.7237136363983154,0.8237552642822266,0.5036305785179138,0.7666666507720947,0.6287015676498413
18,0.7179296016693115,0.79323810338974,0.5414574146270752,0.000100000005,0.7418470978736877,0.6713789701461792,0.7326622009277344,0.8190944194793701,0.5137616395950317,0.717391312122345,0.751708447933197
19,0.7214134335517883,0.7993542551994324,0.534414529800415,0.000100000005,0.7413190007209778,0.6830357313156128,0.7304250597953796,0.8266739845275879,0.5289773344993591,0.8485915660858154,0.5489749312400818
20,0.728007972240448,0.8104045391082764,0.5222896337509155,0.000100000005,0.7506789565086365,0.6855158805847168,0.7583892345428467,0.8449597954750061,0.4882679283618927,0.7472283840179443,0.76765376329422
21,0.7486624121665955,0.8246837258338928,0.5070772171020508,0.000100000005,0.7686966061592102,0.713789701461792,0.755033552646637,0.8464542627334595,0.4792884290218353,0.7749999761581421,0.7061503529548645
22,0.7466716170310974,0.8278311491012573,0.5028768181800842,0.000100000005,0.7647215127944946,0.715029776096344,0.7382550239562988,0.8371323347091675,0.5339765548706055,0.692307710647583,0.8405466675758362
23,0.7568744421005249,0.8402885794639587,0.48738837242126465,0.000100000005,0.7787017226219177,0.719990074634552,0.7751677632331848,0.861986517906189,0.4628165364265442,0.8216215968132019,0.6924828886985779
24,0.7655841708183289,0.8516860008239746,0.47103217244148254,0.000100000005,0.7871657609939575,0.7301587462425232,0.791946291923523,0.8792809844017029,0.4452439844608307,0.7697228193283081,0.8223234415054321
25,0.7761602401733398,0.8634647727012634,0.45721694827079773,0.000100000005,0.7931215763092041,0.7492559552192688,0.8042505383491516,0.8918846845626831,0.4272429049015045,0.7704917788505554,0.8564920425415039
26,0.7848699688911438,0.8695452809333801,0.44822749495506287,0.000100000005,0.8015187382698059,0.7591766119003296,0.790827751159668,0.8902901411056519,0.44085732102394104,0.7451362013816833,0.8724373579025269
27,0.793828547000885,0.8812450170516968,0.4284506142139435,0.000100000005,0.811598002910614,0.7671130895614624,0.7583892345428467,0.9007459878921509,0.4835970103740692,0.9239543676376343,0.553530752658844
28,0.8088839054107666,0.8913486003875732,0.4109851121902466,0.000100000005,0.8243243098258972,0.7867063283920288,0.8154362440109253,0.8967032432556152,0.42771127820014954,0.77182537317276,0.8861047625541687
29,0.8348886370658875,0.9131197929382324,0.3733673393726349,1.0000001e-05,0.8515726327896118,0.8125,0.8422818779945374,0.9186888337135315,0.36469370126724243,0.837104082107544,0.8428245782852173
30,0.8429762125015259,0.9221888780593872,0.3545263409614563,1.0000001e-05,0.8538579344749451,0.8288690447807312,0.8445190191268921,0.9244611263275146,0.35516414046287537,0.8275108933448792,0.8633257150650024
31,0.856787383556366,0.9328007698059082,0.331378310918808,1.0000001e-05,0.8677559494972229,0.8430059552192688,0.8478747010231018,0.9309919476509094,0.3486276865005493,0.8216560482978821,0.8815490007400513
32,0.8482020497322083,0.9265375137329102,0.34299856424331665,1.0000001e-05,0.8640600442886353,0.8276289701461792,0.8489933013916016,0.9327342510223389,0.340064138174057,0.8318777084350586,0.8678815364837646
33,0.859773576259613,0.9341892004013062,0.3261895775794983,1.0000001e-05,0.8758085370063782,0.8395337462425232,0.8523489832878113,0.9331172108650208,0.3480288088321686,0.8218029141426086,0.892938494682312
34,0.8602712750434875,0.9327542185783386,0.32788151502609253,1.0000001e-05,0.8707621693611145,0.8472222089767456,0.8668903708457947,0.9352474212646484,0.32481980323791504,0.8703703880310059,0.8564920425415039
35,0.8626353144645691,0.9379450678825378,0.31729522347450256,1.0000001e-05,0.878490149974823,0.8427579402923584,0.8557047247886658,0.9386841654777527,0.3273732364177704,0.8340517282485962,0.8815490007400513
36,0.8598979711532593,0.9365481734275818,0.3197321891784668,1.0000001e-05,0.8744845390319824,0.8415178656578064,0.8568232655525208,0.9408370852470398,0.3370688259601593,0.8193018436431885,0.908883810043335
37,0.8727136850357056,0.9441627264022827,0.2998647093772888,1.0000001e-05,0.8906777501106262,0.8506944179534912,0.8624160885810852,0.9411399960517883,0.3208077847957611,0.8361701965332031,0.8952164053916931
38,0.869229793548584,0.9419082403182983,0.307137131690979,1.0000001e-05,0.8854408860206604,0.8492063283920288,0.863534688949585,0.9441112279891968,0.324489027261734,0.8241308927536011,0.9179954528808594
39,0.869354248046875,0.9429302215576172,0.3047020733356476,1.0000001e-05,0.8856699466705322,0.8492063283920288,0.8769574761390686,0.946571946144104,0.2983470559120178,0.8599562644958496,0.8952164053916931
40,0.8728381395339966,0.945427656173706,0.29813334345817566,1.0000001e-05,0.8862936496734619,0.8563988208770752,0.8668903708457947,0.9455806612968445,0.31725120544433594,0.8333333134651184,0.9111617207527161
41,0.872215986251831,0.9476332664489746,0.2926172614097595,1.0000001e-05,0.8829976916313171,0.8591269850730896,0.8624160885810852,0.9434053301811218,0.33588263392448425,0.8264462947845459,0.9111617207527161
42,0.8776906728744507,0.9490021467208862,0.2865700125694275,1.0000001e-05,0.893825888633728,0.858134925365448,0.8612975478172302,0.9481087923049927,0.3376163840293884,0.8118811845779419,0.9339407682418823
43,0.8805524706840515,0.9514991641044617,0.28162023425102234,1.0000001e-06,0.890839695930481,0.8683035969734192,0.8769574761390686,0.9497684240341187,0.3069342374801636,0.8419958353042603,0.9225512742996216
44,0.882045567035675,0.9539100527763367,0.27381905913352966,1.0000001e-06,0.8937691450119019,0.8680555820465088,0.8769574761390686,0.9494456052780151,0.3091651201248169,0.8405796885490417,0.9248291850090027
45,0.880054771900177,0.9501574635505676,0.28467318415641785,1.0000001e-06,0.8927291631698608,0.8648313283920288,0.8769574761390686,0.9496833682060242,0.3050694465637207,0.8434237837791443,0.9202733635902405
46,0.8830409646034241,0.9513031244277954,0.28125834465026855,1.0000001e-07,0.8978384137153625,0.8653273582458496,0.8713646531105042,0.9496632814407349,0.3104649484157562,0.8333333134651184,0.9225512742996216
47,0.8836630582809448,0.952345609664917,0.27867600321769714,1.0000001e-07,0.9004396200180054,0.8635912537574768,0.8758389353752136,0.9494429230690002,0.30559080839157104,0.8430962562561035,0.9179954528808594
48,0.8849073052406311,0.9533187747001648,0.27496787905693054,1.0000001e-07,0.8976196646690369,0.8697916865348816,0.8668903708457947,0.9496583342552185,0.31121715903282166,0.8265306353569031,0.9225512742996216
49,0.8903819918632507,0.9552282094955444,0.27057960629463196,1.0000001e-08,0.9042853713035583,0.8740079402923584,0.8736017942428589,0.9498860836029053,0.3049302101135254,0.8381742835044861,0.9202733635902405
50,0.8808013200759888,0.9526297450065613,0.27770161628723145,1.0000001e-08,0.897363007068634,0.8608630895614624,0.8691275119781494,0.9497384428977966,0.3068380057811737,0.8326446413993835,0.9179954528808594
51,0.881921112537384,0.9529707431793213,0.2761208415031433,1.0000001e-08,0.8986294269561768,0.861855149269104,0.8736017942428589,0.9494732022285461,0.307589054107666,0.8395833373069763,0.9179954528808594
52,0.8870224952697754,0.9547302722930908,0.27247878909111023,1.0000001e-09,0.8976578116416931,0.8745039701461792,0.8702461123466492,0.9497985243797302,0.30806517601013184,0.8329896926879883,0.9202733635902405
53,0.8815478682518005,0.9535143971443176,0.27546578645706177,1.0000001e-09,0.891459047794342,0.8697916865348816,0.8713646531105042,0.9498960971832275,0.30778712034225464,0.8333333134651184,0.9225512742996216
54,0.8844096064567566,0.9539591073989868,0.27600061893463135,1.0000001e-09,0.8967016339302063,0.8697916865348816,0.8791946172714233,0.9497833847999573,0.3022580146789551,0.846960186958313,0.9202733635902405
55,0.8805524706840515,0.9517248272895813,0.2808787524700165,1.0000001e-10,0.8902438879013062,0.8690476417541504,0.8702461123466492,0.949458122253418,0.3074944019317627,0.8343685269355774,0.9179954528808594
56,0.8854050040245056,0.9524089097976685,0.2784435451030731,1.0000001e-10,0.8979278802871704,0.8705357313156128,0.8724831938743591,0.9498410224914551,0.3043159544467926,0.837837815284729,0.9179954528808594
57,0.8873957991600037,0.9543691873550415,0.27286064624786377,1.0000001e-10,0.9022382497787476,0.8697916865348816,0.8713646531105042,0.9497484564781189,0.3054938316345215,0.8360995650291443,0.9179954528808594
58,0.8862759470939636,0.951708972454071,0.2792232036590576,1.0000001e-11,0.8999487161636353,0.870039701461792,0.8702461123466492,0.9496508240699768,0.30959755182266235,0.8329896926879883,0.9202733635902405
59,0.8851561546325684,0.9555044770240784,0.2703942656517029,1.0000001e-11,0.9001287221908569,0.8673115372657776,0.8769574761390686,0.949563205242157,0.30511248111724854,0.8434237837791443,0.9202733635902405
